0 info it worked if it ends with ok
1 verbose cli [ '/usr/local/bin/node',
1 verbose cli   '/usr/local/bin/npm',
1 verbose cli   'install',
1 verbose cli   '-g',
1 verbose cli   'jasmine' ]
2 info using npm@2.15.1
3 info using node@v4.4.4
4 verbose install initial load of /usr/local/lib/package.json
5 verbose readDependencies loading dependencies from /usr/local/lib/package.json
6 silly cache add args [ 'jasmine', null ]
7 verbose cache add spec jasmine
8 silly cache add parsed spec Result {
8 silly cache add   raw: 'jasmine',
8 silly cache add   scope: null,
8 silly cache add   name: 'jasmine',
8 silly cache add   rawSpec: '',
8 silly cache add   spec: 'latest',
8 silly cache add   type: 'tag' }
9 silly addNamed jasmine@latest
10 verbose addNamed "latest" is being treated as a dist-tag for jasmine
11 info addNameTag [ 'jasmine', 'latest' ]
12 silly mapToRegistry name jasmine
13 silly mapToRegistry using default registry
14 silly mapToRegistry registry https://registry.npmjs.org/
15 silly mapToRegistry data Result {
15 silly mapToRegistry   raw: 'jasmine',
15 silly mapToRegistry   scope: null,
15 silly mapToRegistry   name: 'jasmine',
15 silly mapToRegistry   rawSpec: '',
15 silly mapToRegistry   spec: 'latest',
15 silly mapToRegistry   type: 'tag' }
16 silly mapToRegistry uri https://registry.npmjs.org/jasmine
17 verbose addNameTag registry:https://registry.npmjs.org/jasmine not in flight; fetching
18 verbose request uri https://registry.npmjs.org/jasmine
19 verbose request no auth needed
20 info attempt registry request try #1 at 12:01:49 PM
21 verbose request id 5c77b94b2ae0a577
22 verbose etag W/"59a92ca6-617f"
23 verbose lastModified Fri, 01 Sep 2017 09:47:18 GMT
24 http request GET https://registry.npmjs.org/jasmine
25 http 304 https://registry.npmjs.org/jasmine
26 verbose headers { date: 'Tue, 19 Sep 2017 06:31:50 GMT',
26 verbose headers   via: '1.1 varnish',
26 verbose headers   'cache-control': 'max-age=300',
26 verbose headers   etag: 'W/"59a92ca6-617f"',
26 verbose headers   age: '196',
26 verbose headers   connection: 'keep-alive',
26 verbose headers   'x-served-by': 'cache-hkg17922-HKG',
26 verbose headers   'x-cache': 'HIT',
26 verbose headers   'x-cache-hits': '2',
26 verbose headers   'x-timer': 'S1505802710.225140,VS0,VE0',
26 verbose headers   vary: 'Accept-Encoding, Accept' }
27 silly get cb [ 304,
27 silly get   { date: 'Tue, 19 Sep 2017 06:31:50 GMT',
27 silly get     via: '1.1 varnish',
27 silly get     'cache-control': 'max-age=300',
27 silly get     etag: 'W/"59a92ca6-617f"',
27 silly get     age: '196',
27 silly get     connection: 'keep-alive',
27 silly get     'x-served-by': 'cache-hkg17922-HKG',
27 silly get     'x-cache': 'HIT',
27 silly get     'x-cache-hits': '2',
27 silly get     'x-timer': 'S1505802710.225140,VS0,VE0',
27 silly get     vary: 'Accept-Encoding, Accept' } ]
28 verbose etag https://registry.npmjs.org/jasmine from cache
29 verbose get saving jasmine to /Users/Muthu/.npm/registry.npmjs.org/jasmine/.cache.json
30 verbose correctMkdir /Users/Muthu/.npm correctMkdir not in flight; initializing
31 silly addNameTag next cb for jasmine with tag latest
32 silly addNamed jasmine@2.8.0
33 verbose addNamed "2.8.0" is a plain semver version for jasmine
34 silly cache afterAdd jasmine@2.8.0
35 verbose afterAdd /Users/Muthu/.npm/jasmine/2.8.0/package/package.json not in flight; writing
36 verbose correctMkdir /Users/Muthu/.npm correctMkdir not in flight; initializing
37 verbose afterAdd /Users/Muthu/.npm/jasmine/2.8.0/package/package.json written
38 silly install resolved [ { name: 'jasmine',
38 silly install resolved     description: 'Command line jasmine',
38 silly install resolved     homepage: 'http://jasmine.github.io/',
38 silly install resolved     keywords: [ 'test', 'jasmine', 'tdd', 'bdd' ],
38 silly install resolved     license: 'MIT',
38 silly install resolved     version: '2.8.0',
38 silly install resolved     repository:
38 silly install resolved      { type: 'git',
38 silly install resolved        url: 'git+https://github.com/jasmine/jasmine-npm.git' },
38 silly install resolved     scripts: { test: 'grunt && ./bin/jasmine.js' },
38 silly install resolved     dependencies: { exit: '^0.1.2', glob: '^7.0.6', 'jasmine-core': '~2.8.0' },
38 silly install resolved     bin: { jasmine: './bin/jasmine.js' },
38 silly install resolved     main: './lib/jasmine.js',
38 silly install resolved     devDependencies:
38 silly install resolved      { grunt: '^0.4.2',
38 silly install resolved        'grunt-cli': '^0.1.13',
38 silly install resolved        'grunt-contrib-jshint': '^0.11.0',
38 silly install resolved        shelljs: '^0.3.0' },
38 silly install resolved     gitHead: 'a24f6ea350f5f91680028ef568d04efba5b5f93a',
38 silly install resolved     bugs: { url: 'https://github.com/jasmine/jasmine-npm/issues' },
38 silly install resolved     _id: 'jasmine@2.8.0',
38 silly install resolved     _shasum: '6b089c0a11576b1f16df11b80146d91d4e8b8a3e',
38 silly install resolved     _from: 'jasmine@latest',
38 silly install resolved     _npmVersion: '4.1.2',
38 silly install resolved     _nodeVersion: '7.5.0',
38 silly install resolved     _npmUser: { name: 'slackersoft', email: 'gregg@slackersoft.net' },
38 silly install resolved     maintainers: [ [Object], [Object], [Object] ],
38 silly install resolved     dist:
38 silly install resolved      { shasum: '6b089c0a11576b1f16df11b80146d91d4e8b8a3e',
38 silly install resolved        tarball: 'https://registry.npmjs.org/jasmine/-/jasmine-2.8.0.tgz' },
38 silly install resolved     _npmOperationalInternal:
38 silly install resolved      { host: 's3://npm-registry-packages',
38 silly install resolved        tmp: 'tmp/jasmine-2.8.0.tgz_1503601512664_0.9977164443116635' },
38 silly install resolved     directories: {},
38 silly install resolved     _resolved: 'https://registry.npmjs.org/jasmine/-/jasmine-2.8.0.tgz',
38 silly install resolved     readme: 'ERROR: No README data found!' } ]
39 info install jasmine@2.8.0 into /usr/local/lib
40 info installOne jasmine@2.8.0
41 verbose installOne of jasmine to /usr/local/lib not in flight; installing
42 verbose correctMkdir /Users/Muthu/.npm/_locks correctMkdir not in flight; initializing
43 verbose lock using /Users/Muthu/.npm/_locks/jasmine-166463d93d0f0777.lock for /usr/local/lib/node_modules/jasmine
44 silly install write writing jasmine 2.8.0 to /usr/local/lib/node_modules/jasmine
45 verbose unbuild lib/node_modules/jasmine
46 silly gentlyRm /usr/local/lib/node_modules/jasmine is being purged from base /usr/local
47 verbose gentlyRm don't care about contents; nuking /usr/local/lib/node_modules/jasmine
48 verbose tar unpack /Users/Muthu/.npm/jasmine/2.8.0/package.tgz
49 verbose tar unpacking to /usr/local/lib/node_modules/jasmine
50 silly gentlyRm /usr/local/lib/node_modules/jasmine is being purged
51 verbose gentlyRm don't care about contents; nuking /usr/local/lib/node_modules/jasmine
52 silly gunzTarPerm modes [ '755', '644' ]
53 error tar.unpack untar error /Users/Muthu/.npm/jasmine/2.8.0/package.tgz
54 verbose unlock done using /Users/Muthu/.npm/_locks/jasmine-166463d93d0f0777.lock for /usr/local/lib/node_modules/jasmine
55 verbose fstream_path /usr/local/lib/node_modules/jasmine
56 verbose fstream_type Directory
57 verbose fstream_class DirWriter
58 verbose stack Error: EACCES: permission denied, mkdir '/usr/local/lib/node_modules/jasmine'
58 verbose stack     at Error (native)
59 verbose fstream_stack /usr/local/lib/node_modules/npm/node_modules/fstream/lib/dir-writer.js:35:25
59 verbose fstream_stack /usr/local/lib/node_modules/npm/node_modules/mkdirp/index.js:47:53
59 verbose fstream_stack FSReqWrap.oncomplete (fs.js:82:15)
60 verbose cwd /Users/Muthu/exercism/javascript
61 error Darwin 16.7.0
62 error argv "/usr/local/bin/node" "/usr/local/bin/npm" "install" "-g" "jasmine"
63 error node v4.4.4
64 error npm  v2.15.1
65 error path /usr/local/lib/node_modules/jasmine
66 error code EACCES
67 error errno -13
68 error syscall mkdir
69 error Error: EACCES: permission denied, mkdir '/usr/local/lib/node_modules/jasmine'
69 error     at Error (native)
69 error  { [Error: EACCES: permission denied, mkdir '/usr/local/lib/node_modules/jasmine']
69 error   errno: -13,
69 error   code: 'EACCES',
69 error   syscall: 'mkdir',
69 error   path: '/usr/local/lib/node_modules/jasmine',
69 error   fstream_type: 'Directory',
69 error   fstream_path: '/usr/local/lib/node_modules/jasmine',
69 error   fstream_class: 'DirWriter',
69 error   fstream_stack:
69 error    [ '/usr/local/lib/node_modules/npm/node_modules/fstream/lib/dir-writer.js:35:25',
69 error      '/usr/local/lib/node_modules/npm/node_modules/mkdirp/index.js:47:53',
69 error      'FSReqWrap.oncomplete (fs.js:82:15)' ] }
70 error Please try running this command again as root/Administrator.
71 verbose exit [ -13, true ]
72 verbose unbuild lib/node_modules/jasmine
73 silly gentlyRm /usr/local/lib/node_modules/jasmine is being purged from base /usr/local
74 verbose gentlyRm don't care about contents; nuking /usr/local/lib/node_modules/jasmine
